2019-03-19 09:27:33.452 [main] INFO  com.seu.scrm.ScrmApplication - Starting ScrmApplication on DESKTOP-AE25QV4 with PID 2612 (C:\Users\edu333\Desktop\phx\SCRM\target\classes started by edu333 in C:\Users\edu333\Desktop\phx\SCRM)
2019-03-19 09:27:33.481 [main] INFO  com.seu.scrm.ScrmApplication - No active profile set, falling back to default profiles: default
2019-03-19 09:27:36.698 [main] INFO  o.s.boot.web.embedded.tomcat.TomcatWebServer - Tomcat initialized with port(s): 8080 (http)
2019-03-19 09:27:36.726 [main] INFO  org.apache.coyote.http11.Http11NioProtocol - Initializing ProtocolHandler ["http-nio-8080"]
2019-03-19 09:27:36.737 [main] INFO  org.apache.catalina.core.StandardService - Starting service [Tomcat]
2019-03-19 09:27:36.738 [main] INFO  org.apache.catalina.core.StandardEngine - Starting Servlet engine: [Apache Tomcat/9.0.16]
2019-03-19 09:27:36.757 [main] INFO  org.apache.catalina.core.AprLifecycleListener - The APR based Apache Tomcat Native library which allows optimal performance in production environments was not found on the java.library.path: [C:\Program Files\Java\jdk1.8.0_111\bin;C:\Windows\Sun\Java\bin;C:\Windows\system32;C:\Windows;C:\anaconda\envs\scrm;C:\anaconda\envs\scrm\Scripts;C:\ProgramData\Oracle\Java\javapath;C:\Windows\system32;C:\Windows;C:\Windows\System32\Wbem;C:\Windows\System32\WindowsPowerShell\v1.0\;C:\Windows\System32\OpenSSH\;C:\Program Files\Java\jre1.8.0_111\bin;C:\Program Files\MySQL\MySQL Server 5.5\bin;D:\redis\;C:\anaconda;C:\anaconda\Scripts;C:\anaconda\Library\bin;D:\github\gitInstall\Git\cmd;C:\Program Files\nodejs\;C:\Users\edu333\AppData\Local\Microsoft\WindowsApps;C:\Program Files\MongoDB\Server\3.4\bin;E:\作业\数据挖掘\爬虫资料\chromedriver_win32 (1);C:\python27;C:\Users\edu333\AppData\Roaming\npm;C:\Users\edu333\AppData\Local\Programs\Microsoft VS Code\bin;C:\Users\edu333\AppData\Local\GitHubDesktop\bin;.]
2019-03-19 09:27:36.908 [main] INFO  o.a.c.core.ContainerBase.[Tomcat].[localhost].[/] - Initializing Spring embedded WebApplicationContext
2019-03-19 09:27:36.908 [main] INFO  org.springframework.web.context.ContextLoader - Root WebApplicationContext: initialization completed in 3283 ms
2019-03-19 09:27:38.474 [main] INFO  o.s.scheduling.concurrent.ThreadPoolTaskExecutor - Initializing ExecutorService 'applicationTaskExecutor'
2019-03-19 09:27:38.813 [main] INFO  org.apache.coyote.http11.Http11NioProtocol - Starting ProtocolHandler ["http-nio-8080"]
2019-03-19 09:27:38.881 [main] INFO  o.s.boot.web.embedded.tomcat.TomcatWebServer - Tomcat started on port(s): 8080 (http) with context path ''
2019-03-19 09:27:38.885 [main] INFO  com.seu.scrm.ScrmApplication - Started ScrmApplication in 7.124 seconds (JVM running for 10.022)
2019-03-19 09:28:15.626 [http-nio-8080-exec-1] INFO  o.a.c.core.ContainerBase.[Tomcat].[localhost].[/] - Initializing Spring DispatcherServlet 'dispatcherServlet'
2019-03-19 09:28:15.626 [http-nio-8080-exec-1] INFO  org.springframework.web.servlet.DispatcherServlet - Initializing Servlet 'dispatcherServlet'
2019-03-19 09:28:15.635 [http-nio-8080-exec-1] INFO  org.springframework.web.servlet.DispatcherServlet - Completed initialization in 8 ms
2019-03-19 09:32:44.001 [main] INFO  com.seu.scrm.ScrmApplication - Starting ScrmApplication on DESKTOP-AE25QV4 with PID 15748 (C:\Users\edu333\Desktop\phx\SCRM\target\classes started by edu333 in C:\Users\edu333\Desktop\phx\SCRM)
2019-03-19 09:32:44.005 [main] INFO  com.seu.scrm.ScrmApplication - No active profile set, falling back to default profiles: default
2019-03-19 09:32:45.417 [main] INFO  o.s.boot.web.embedded.tomcat.TomcatWebServer - Tomcat initialized with port(s): 8080 (http)
2019-03-19 09:32:45.430 [main] INFO  org.apache.coyote.http11.Http11NioProtocol - Initializing ProtocolHandler ["http-nio-8080"]
2019-03-19 09:32:45.437 [main] INFO  org.apache.catalina.core.StandardService - Starting service [Tomcat]
2019-03-19 09:32:45.437 [main] INFO  org.apache.catalina.core.StandardEngine - Starting Servlet engine: [Apache Tomcat/9.0.16]
2019-03-19 09:32:45.443 [main] INFO  org.apache.catalina.core.AprLifecycleListener - The APR based Apache Tomcat Native library which allows optimal performance in production environments was not found on the java.library.path: [C:\Program Files\Java\jdk1.8.0_111\bin;C:\Windows\Sun\Java\bin;C:\Windows\system32;C:\Windows;C:\anaconda\envs\scrm;C:\anaconda\envs\scrm\Scripts;C:\ProgramData\Oracle\Java\javapath;C:\Windows\system32;C:\Windows;C:\Windows\System32\Wbem;C:\Windows\System32\WindowsPowerShell\v1.0\;C:\Windows\System32\OpenSSH\;C:\Program Files\Java\jre1.8.0_111\bin;C:\Program Files\MySQL\MySQL Server 5.5\bin;D:\redis\;C:\anaconda;C:\anaconda\Scripts;C:\anaconda\Library\bin;D:\github\gitInstall\Git\cmd;C:\Program Files\nodejs\;C:\Users\edu333\AppData\Local\Microsoft\WindowsApps;C:\Program Files\MongoDB\Server\3.4\bin;E:\作业\数据挖掘\爬虫资料\chromedriver_win32 (1);C:\python27;C:\Users\edu333\AppData\Roaming\npm;C:\Users\edu333\AppData\Local\Programs\Microsoft VS Code\bin;C:\Users\edu333\AppData\Local\GitHubDesktop\bin;.]
2019-03-19 09:32:45.538 [main] INFO  o.a.c.core.ContainerBase.[Tomcat].[localhost].[/] - Initializing Spring embedded WebApplicationContext
2019-03-19 09:32:45.539 [main] INFO  org.springframework.web.context.ContextLoader - Root WebApplicationContext: initialization completed in 1422 ms
2019-03-19 09:32:46.146 [main] INFO  o.s.scheduling.concurrent.ThreadPoolTaskExecutor - Initializing ExecutorService 'applicationTaskExecutor'
2019-03-19 09:32:46.338 [main] INFO  org.apache.coyote.http11.Http11NioProtocol - Starting ProtocolHandler ["http-nio-8080"]
2019-03-19 09:32:46.364 [main] INFO  o.s.boot.web.embedded.tomcat.TomcatWebServer - Tomcat started on port(s): 8080 (http) with context path ''
2019-03-19 09:32:46.367 [main] INFO  com.seu.scrm.ScrmApplication - Started ScrmApplication in 2.991 seconds (JVM running for 3.979)
2019-03-19 09:33:02.000 [http-nio-8080-exec-1] INFO  o.a.c.core.ContainerBase.[Tomcat].[localhost].[/] - Initializing Spring DispatcherServlet 'dispatcherServlet'
2019-03-19 09:33:02.001 [http-nio-8080-exec-1] INFO  org.springframework.web.servlet.DispatcherServlet - Initializing Servlet 'dispatcherServlet'
2019-03-19 09:33:02.006 [http-nio-8080-exec-1] INFO  org.springframework.web.servlet.DispatcherServlet - Completed initialization in 5 ms
2019-03-19 09:40:01.122 [main] INFO  com.seu.scrm.ScrmApplication - Starting ScrmApplication on DESKTOP-AE25QV4 with PID 8720 (C:\Users\edu333\Desktop\phx\SCRM\target\classes started by edu333 in C:\Users\edu333\Desktop\phx\SCRM)
2019-03-19 09:40:01.127 [main] INFO  com.seu.scrm.ScrmApplication - No active profile set, falling back to default profiles: default
2019-03-19 09:40:02.368 [main] INFO  o.s.boot.web.embedded.tomcat.TomcatWebServer - Tomcat initialized with port(s): 8080 (http)
2019-03-19 09:40:02.380 [main] INFO  org.apache.coyote.http11.Http11NioProtocol - Initializing ProtocolHandler ["http-nio-8080"]
2019-03-19 09:40:02.387 [main] INFO  org.apache.catalina.core.StandardService - Starting service [Tomcat]
2019-03-19 09:40:02.388 [main] INFO  org.apache.catalina.core.StandardEngine - Starting Servlet engine: [Apache Tomcat/9.0.16]
2019-03-19 09:40:02.393 [main] INFO  org.apache.catalina.core.AprLifecycleListener - The APR based Apache Tomcat Native library which allows optimal performance in production environments was not found on the java.library.path: [C:\Program Files\Java\jdk1.8.0_111\bin;C:\Windows\Sun\Java\bin;C:\Windows\system32;C:\Windows;C:\anaconda\envs\scrm;C:\anaconda\envs\scrm\Scripts;C:\ProgramData\Oracle\Java\javapath;C:\Windows\system32;C:\Windows;C:\Windows\System32\Wbem;C:\Windows\System32\WindowsPowerShell\v1.0\;C:\Windows\System32\OpenSSH\;C:\Program Files\Java\jre1.8.0_111\bin;C:\Program Files\MySQL\MySQL Server 5.5\bin;D:\redis\;C:\anaconda;C:\anaconda\Scripts;C:\anaconda\Library\bin;D:\github\gitInstall\Git\cmd;C:\Program Files\nodejs\;C:\Users\edu333\AppData\Local\Microsoft\WindowsApps;C:\Program Files\MongoDB\Server\3.4\bin;E:\作业\数据挖掘\爬虫资料\chromedriver_win32 (1);C:\python27;C:\Users\edu333\AppData\Roaming\npm;C:\Users\edu333\AppData\Local\Programs\Microsoft VS Code\bin;C:\Users\edu333\AppData\Local\GitHubDesktop\bin;.]
2019-03-19 09:40:02.489 [main] INFO  o.a.c.core.ContainerBase.[Tomcat].[localhost].[/] - Initializing Spring embedded WebApplicationContext
2019-03-19 09:40:02.490 [main] INFO  org.springframework.web.context.ContextLoader - Root WebApplicationContext: initialization completed in 1240 ms
2019-03-19 09:40:03.113 [main] INFO  o.s.scheduling.concurrent.ThreadPoolTaskExecutor - Initializing ExecutorService 'applicationTaskExecutor'
2019-03-19 09:40:03.293 [main] INFO  org.apache.coyote.http11.Http11NioProtocol - Starting ProtocolHandler ["http-nio-8080"]
2019-03-19 09:40:03.316 [main] INFO  o.s.boot.web.embedded.tomcat.TomcatWebServer - Tomcat started on port(s): 8080 (http) with context path ''
2019-03-19 09:40:03.319 [main] INFO  com.seu.scrm.ScrmApplication - Started ScrmApplication in 2.817 seconds (JVM running for 3.718)
2019-03-19 09:40:09.056 [http-nio-8080-exec-1] INFO  o.a.c.core.ContainerBase.[Tomcat].[localhost].[/] - Initializing Spring DispatcherServlet 'dispatcherServlet'
2019-03-19 09:40:09.056 [http-nio-8080-exec-1] INFO  org.springframework.web.servlet.DispatcherServlet - Initializing Servlet 'dispatcherServlet'
2019-03-19 09:40:09.062 [http-nio-8080-exec-1] INFO  org.springframework.web.servlet.DispatcherServlet - Completed initialization in 5 ms
2019-03-19 09:40:09.158 [http-nio-8080-exec-1] INFO  com.zaxxer.hikari.HikariDataSource - HikariPool-1 - Starting...
2019-03-19 09:40:11.250 [http-nio-8080-exec-1] INFO  com.zaxxer.hikari.HikariDataSource - HikariPool-1 - Start completed.
